<?xml version="1.0" encoding="UTF-8"?>
<testng-results total="1" passed="1" failed="0" skipped="0">
  <reporter-output>
  </reporter-output>
  <suite started-at="2022-07-20T10:36:02Z" name="Default suite" finished-at="2022-07-20T10:36:02Z" duration-ms="32">
    <groups>
    </groups>
    <test started-at="2022-07-20T10:36:02Z" name="Default test" finished-at="2022-07-20T10:36:02Z" duration-ms="32">
      <class name="org.practise.Practise">
        <test-method signature="test()[pri:0, instance:org.practise.Practise@82ea68c]" started-at="2022-07-20T16:06:02Z" name="test" finished-at="2022-07-20T16:06:02Z" duration-ms="14" status="PASS">
          <reporter-output>
          </reporter-output>
        </test-method> <!-- test -->
      </class> <!-- org.practise.Practise -->
    </test> <!-- Default test -->
  </suite> <!-- Default suite -->
</testng-results>
