<?xml version="1.0" encoding="UTF-8"?>
<testng-results total="1" passed="1" failed="0" skipped="0">
  <reporter-output>
  </reporter-output>
  <suite started-at="2022-07-20T11:48:44Z" name="Default suite" finished-at="2022-07-20T11:48:44Z" duration-ms="41">
    <groups>
    </groups>
    <test started-at="2022-07-20T11:48:44Z" name="Default test" finished-at="2022-07-20T11:48:44Z" duration-ms="41">
      <class name="org.automation.PTest">
        <test-method signature="test()[pri:0, instance:org.automation.PTest@82ea68c]" started-at="2022-07-20T17:18:44Z" name="test" finished-at="2022-07-20T17:18:44Z" duration-ms="17" status="PASS">
          <reporter-output>
          </reporter-output>
        </test-method> <!-- test -->
      </class> <!-- org.automation.PTest -->
    </test> <!-- Default test -->
  </suite> <!-- Default suite -->
</testng-results>
